{"C:\\Users\\dcaro\\Desktop\\Henry\\M2\\1.FSM2L1  Introducción a Node.js y el Backend\\3.VSC\\8.ProyectoM2_DianaCarolinaContreras\\index.js": {"path":"C:\\Users\\dcaro\\Desktop\\Henry\\M2\\1.FSM2L1  Introducción a Node.js y el Backend\\3.VSC\\8.ProyectoM2_DianaCarolinaContreras\\index.js","statementMap":{"0":{"start":{"line":3,"column":0},"end":{"line":3,"column":20}},"1":{"start":{"line":5,"column":24},"end":{"line":8,"column":1}},"2":{"start":{"line":9,"column":0},"end":{"line":14,"column":1}},"3":{"start":{"line":10,"column":2},"end":{"line":13,"column":3}},"4":{"start":{"line":11,"column":4},"end":{"line":11,"column":79}},"5":{"start":{"line":12,"column":4},"end":{"line":12,"column":20}},"6":{"start":{"line":15,"column":0},"end":{"line":15,"column":73}},"7":{"start":{"line":20,"column":25},"end":{"line":20,"column":52}},"8":{"start":{"line":22,"column":28},"end":{"line":22,"column":65}},"9":{"start":{"line":24,"column":0},"end":{"line":26,"column":3}},"10":{"start":{"line":25,"column":4},"end":{"line":25,"column":110}}},"fnMap":{"0":{"name":"(anonymous_0)","decl":{"start":{"line":24,"column":24},"end":{"line":24,"column":25}},"loc":{"start":{"line":24,"column":30},"end":{"line":26,"column":1}},"line":24}},"branchMap":{"0":{"loc":{"start":{"line":10,"column":2},"end":{"line":13,"column":3}},"type":"if","locations":[{"start":{"line":10,"column":2},"end":{"line":13,"column":3}},{"start":{},"end":{}}],"line":10}},"s":{"0":1,"1":1,"2":1,"3":10,"4":0,"5":0,"6":1,"7":1,"8":1,"9":1,"10":1},"f":{"0":1},"b":{"0":[0,10]},"meta":{"lastBranch":1,"lastFunction":1,"lastStatement":11,"seen":{"s:3:0:3:20":0,"s:5:24:8:1":1,"s:9:0:14:1":2,"b:10:2:13:3:undefined:undefined:undefined:undefined":0,"s:10:2:13:3":3,"s:11:4:11:79":4,"s:12:4:12:20":5,"s:15:0:15:73":6,"s:20:25:20:52":7,"s:22:28:22:65":8,"s:24:0:26:3":9,"f:24:24:24:25":0,"s:25:4:25:110":10},"fnNames":{}}}
,"C:\\Users\\dcaro\\Desktop\\Henry\\M2\\1.FSM2L1  Introducción a Node.js y el Backend\\3.VSC\\8.ProyectoM2_DianaCarolinaContreras\\src\\app.js": {"path":"C:\\Users\\dcaro\\Desktop\\Henry\\M2\\1.FSM2L1  Introducción a Node.js y el Backend\\3.VSC\\8.ProyectoM2_DianaCarolinaContreras\\src\\app.js","statementMap":{"0":{"start":{"line":8,"column":11},"end":{"line":8,"column":21}},"1":{"start":{"line":10,"column":24},"end":{"line":10,"column":51}},"2":{"start":{"line":12,"column":0},"end":{"line":12,"column":24}},"3":{"start":{"line":13,"column":0},"end":{"line":13,"column":72}},"4":{"start":{"line":14,"column":0},"end":{"line":14,"column":27}},"5":{"start":{"line":15,"column":0},"end":{"line":15,"column":25}},"6":{"start":{"line":17,"column":0},"end":{"line":25,"column":3}},"7":{"start":{"line":18,"column":4},"end":{"line":24,"column":7}}},"fnMap":{"0":{"name":"(anonymous_0)","decl":{"start":{"line":17,"column":19},"end":{"line":17,"column":20}},"loc":{"start":{"line":17,"column":33},"end":{"line":25,"column":1}},"line":17}},"branchMap":{},"s":{"0":1,"1":1,"2":1,"3":1,"4":1,"5":1,"6":1,"7":0},"f":{"0":0},"b":{},"meta":{"lastBranch":0,"lastFunction":1,"lastStatement":8,"seen":{"s:8:11:8:21":0,"s:10:24:10:51":1,"s:12:0:12:24":2,"s:13:0:13:72":3,"s:14:0:14:27":4,"s:15:0:15:25":5,"s:17:0:25:3":6,"f:17:19:17:20":0,"s:18:4:24:7":7},"fnNames":{}}}
,"C:\\Users\\dcaro\\Desktop\\Henry\\M2\\1.FSM2L1  Introducción a Node.js y el Backend\\3.VSC\\8.ProyectoM2_DianaCarolinaContreras\\src\\config\\config.js": {"path":"C:\\Users\\dcaro\\Desktop\\Henry\\M2\\1.FSM2L1  Introducción a Node.js y el Backend\\3.VSC\\8.ProyectoM2_DianaCarolinaContreras\\src\\config\\config.js","statementMap":{},"fnMap":{},"branchMap":{"0":{"loc":{"start":{"line":3,"column":8},"end":{"line":3,"column":null}},"type":"binary-expr","locations":[{"start":{"line":3,"column":8},"end":{"line":3,"column":28}},{"start":{"line":3,"column":28},"end":{"line":3,"column":null}}],"line":3},"1":{"loc":{"start":{"line":4,"column":2},"end":{"line":4,"column":null}},"type":"binary-expr","locations":[{"start":{"line":4,"column":2},"end":{"line":4,"column":36}},{"start":{"line":4,"column":36},"end":{"line":4,"column":null}}],"line":4},"2":{"loc":{"start":{"line":5,"column":10},"end":{"line":5,"column":null}},"type":"binary-expr","locations":[{"start":{"line":5,"column":10},"end":{"line":5,"column":32}},{"start":{"line":5,"column":32},"end":{"line":5,"column":null}}],"line":5},"3":{"loc":{"start":{"line":7,"column":15},"end":{"line":7,"column":null}},"type":"binary-expr","locations":[{"start":{"line":7,"column":15},"end":{"line":7,"column":42}},{"start":{"line":7,"column":42},"end":{"line":7,"column":null}}],"line":7}},"s":{},"f":{},"b":{"0":[1,0],"1":[1,0],"2":[1,0],"3":[1,0]},"meta":{"lastBranch":4,"lastFunction":0,"lastStatement":0,"seen":{"b:3:8:3:28:3:28:3:Infinity":0,"b:4:2:4:36:4:36:4:Infinity":1,"b:5:10:5:32:5:32:5:Infinity":2,"b:7:15:7:42:7:42:7:Infinity":3},"fnNames":{}}}
,"C:\\Users\\dcaro\\Desktop\\Henry\\M2\\1.FSM2L1  Introducción a Node.js y el Backend\\3.VSC\\8.ProyectoM2_DianaCarolinaContreras\\src\\controllers\\authors.controllers.js": {"path":"C:\\Users\\dcaro\\Desktop\\Henry\\M2\\1.FSM2L1  Introducción a Node.js y el Backend\\3.VSC\\8.ProyectoM2_DianaCarolinaContreras\\src\\controllers\\authors.controllers.js","statementMap":{"0":{"start":{"line":13,"column":17},"end":{"line":13,"column":19}},"1":{"start":{"line":21,"column":21},"end":{"line":69,"column":1}},"2":{"start":{"line":22,"column":2},"end":{"line":68,"column":3}},"3":{"start":{"line":25,"column":33},"end":{"line":25,"column":41}},"4":{"start":{"line":28,"column":4},"end":{"line":33,"column":5}},"5":{"start":{"line":30,"column":6},"end":{"line":32,"column":79}},"6":{"start":{"line":37,"column":6},"end":{"line":39,"column":7}},"7":{"start":{"line":38,"column":8},"end":{"line":38,"column":90}},"8":{"start":{"line":42,"column":23},"end":{"line":42,"column":51}},"9":{"start":{"line":43,"column":4},"end":{"line":45,"column":5}},"10":{"start":{"line":44,"column":6},"end":{"line":44,"column":80}},"11":{"start":{"line":48,"column":24},"end":{"line":51,"column":5}},"12":{"start":{"line":52,"column":4},"end":{"line":56,"column":5}},"13":{"start":{"line":53,"column":6},"end":{"line":55,"column":69}},"14":{"start":{"line":59,"column":19},"end":{"line":62,"column":5}},"15":{"start":{"line":64,"column":4},"end":{"line":64,"column":41}},"16":{"start":{"line":66,"column":4},"end":{"line":66,"column":55}},"17":{"start":{"line":67,"column":4},"end":{"line":67,"column":66}},"18":{"start":{"line":72,"column":28},"end":{"line":81,"column":1}},"19":{"start":{"line":73,"column":2},"end":{"line":80,"column":3}},"20":{"start":{"line":74,"column":19},"end":{"line":74,"column":76}},"21":{"start":{"line":75,"column":4},"end":{"line":75,"column":38}},"22":{"start":{"line":79,"column":4},"end":{"line":79,"column":66}},"23":{"start":{"line":84,"column":23},"end":{"line":117,"column":1}},"24":{"start":{"line":85,"column":2},"end":{"line":116,"column":3}},"25":{"start":{"line":87,"column":15},"end":{"line":87,"column":36}},"26":{"start":{"line":90,"column":4},"end":{"line":92,"column":5}},"27":{"start":{"line":91,"column":6},"end":{"line":91,"column":80}},"28":{"start":{"line":94,"column":4},"end":{"line":98,"column":5}},"29":{"start":{"line":95,"column":6},"end":{"line":97,"column":62}},"30":{"start":{"line":101,"column":19},"end":{"line":101,"column":81}},"31":{"start":{"line":102,"column":20},"end":{"line":102,"column":31}},"32":{"start":{"line":105,"column":19},"end":{"line":105,"column":61}},"33":{"start":{"line":105,"column":44},"end":{"line":105,"column":60}},"34":{"start":{"line":108,"column":4},"end":{"line":110,"column":5}},"35":{"start":{"line":109,"column":6},"end":{"line":109,"column":68}},"36":{"start":{"line":112,"column":4},"end":{"line":112,"column":33}},"37":{"start":{"line":114,"column":4},"end":{"line":114,"column":55}},"38":{"start":{"line":115,"column":4},"end":{"line":115,"column":66}},"39":{"start":{"line":120,"column":26},"end":{"line":172,"column":1}},"40":{"start":{"line":121,"column":2},"end":{"line":171,"column":3}},"41":{"start":{"line":122,"column":15},"end":{"line":122,"column":36}},"42":{"start":{"line":124,"column":4},"end":{"line":126,"column":5}},"43":{"start":{"line":125,"column":6},"end":{"line":125,"column":80}},"44":{"start":{"line":129,"column":6},"end":{"line":131,"column":7}},"45":{"start":{"line":130,"column":8},"end":{"line":130,"column":82}},"46":{"start":{"line":135,"column":45},"end":{"line":135,"column":53}},"47":{"start":{"line":139,"column":4},"end":{"line":143,"column":5}},"48":{"start":{"line":140,"column":6},"end":{"line":142,"column":79}},"49":{"start":{"line":146,"column":24},"end":{"line":149,"column":5}},"50":{"start":{"line":153,"column":6},"end":{"line":155,"column":7}},"51":{"start":{"line":154,"column":8},"end":{"line":154,"column":90}},"52":{"start":{"line":158,"column":4},"end":{"line":160,"column":5}},"53":{"start":{"line":159,"column":6},"end":{"line":159,"column":68}},"54":{"start":{"line":161,"column":19},"end":{"line":164,"column":5}},"55":{"start":{"line":167,"column":4},"end":{"line":167,"column":41}},"56":{"start":{"line":169,"column":4},"end":{"line":169,"column":55}},"57":{"start":{"line":170,"column":4},"end":{"line":170,"column":66}},"58":{"start":{"line":175,"column":24},"end":{"line":207,"column":1}},"59":{"start":{"line":176,"column":2},"end":{"line":206,"column":1}},"60":{"start":{"line":178,"column":13},"end":{"line":178,"column":34}},"61":{"start":{"line":180,"column":2},"end":{"line":182,"column":3}},"62":{"start":{"line":181,"column":4},"end":{"line":181,"column":72}},"63":{"start":{"line":185,"column":4},"end":{"line":187,"column":5}},"64":{"start":{"line":186,"column":6},"end":{"line":186,"column":80}},"65":{"start":{"line":191,"column":22},"end":{"line":191,"column":83}},"66":{"start":{"line":193,"column":2},"end":{"line":195,"column":3}},"67":{"start":{"line":194,"column":4},"end":{"line":194,"column":66}},"68":{"start":{"line":198,"column":17},"end":{"line":198,"column":88}},"69":{"start":{"line":201,"column":2},"end":{"line":201,"column":39}},"70":{"start":{"line":204,"column":4},"end":{"line":204,"column":55}},"71":{"start":{"line":205,"column":4},"end":{"line":205,"column":66}}},"fnMap":{"0":{"name":"(anonymous_0)","decl":{"start":{"line":21,"column":21},"end":{"line":21,"column":26}},"loc":{"start":{"line":21,"column":41},"end":{"line":69,"column":1}},"line":21},"1":{"name":"(anonymous_1)","decl":{"start":{"line":72,"column":28},"end":{"line":72,"column":33}},"loc":{"start":{"line":72,"column":48},"end":{"line":81,"column":1}},"line":72},"2":{"name":"(anonymous_2)","decl":{"start":{"line":84,"column":23},"end":{"line":84,"column":28}},"loc":{"start":{"line":84,"column":43},"end":{"line":117,"column":1}},"line":84},"3":{"name":"(anonymous_3)","decl":{"start":{"line":105,"column":32},"end":{"line":105,"column":33}},"loc":{"start":{"line":105,"column":44},"end":{"line":105,"column":60}},"line":105},"4":{"name":"(anonymous_4)","decl":{"start":{"line":120,"column":26},"end":{"line":120,"column":31}},"loc":{"start":{"line":120,"column":46},"end":{"line":172,"column":1}},"line":120},"5":{"name":"(anonymous_5)","decl":{"start":{"line":175,"column":24},"end":{"line":175,"column":29}},"loc":{"start":{"line":175,"column":44},"end":{"line":207,"column":1}},"line":175}},"branchMap":{"0":{"loc":{"start":{"line":28,"column":4},"end":{"line":33,"column":5}},"type":"if","locations":[{"start":{"line":28,"column":4},"end":{"line":33,"column":5}},{"start":{},"end":{}}],"line":28},"1":{"loc":{"start":{"line":28,"column":8},"end":{"line":28,"column":23}},"type":"binary-expr","locations":[{"start":{"line":28,"column":8},"end":{"line":28,"column":13}},{"start":{"line":28,"column":17},"end":{"line":28,"column":23}}],"line":28},"2":{"loc":{"start":{"line":37,"column":6},"end":{"line":39,"column":7}},"type":"if","locations":[{"start":{"line":37,"column":6},"end":{"line":39,"column":7}},{"start":{},"end":{}}],"line":37},"3":{"loc":{"start":{"line":43,"column":4},"end":{"line":45,"column":5}},"type":"if","locations":[{"start":{"line":43,"column":4},"end":{"line":45,"column":5}},{"start":{},"end":{}}],"line":43},"4":{"loc":{"start":{"line":52,"column":4},"end":{"line":56,"column":5}},"type":"if","locations":[{"start":{"line":52,"column":4},"end":{"line":56,"column":5}},{"start":{},"end":{}}],"line":52},"5":{"loc":{"start":{"line":90,"column":4},"end":{"line":92,"column":5}},"type":"if","locations":[{"start":{"line":90,"column":4},"end":{"line":92,"column":5}},{"start":{},"end":{}}],"line":90},"6":{"loc":{"start":{"line":94,"column":4},"end":{"line":98,"column":5}},"type":"if","locations":[{"start":{"line":94,"column":4},"end":{"line":98,"column":5}},{"start":{},"end":{}}],"line":94},"7":{"loc":{"start":{"line":108,"column":4},"end":{"line":110,"column":5}},"type":"if","locations":[{"start":{"line":108,"column":4},"end":{"line":110,"column":5}},{"start":{},"end":{}}],"line":108},"8":{"loc":{"start":{"line":124,"column":4},"end":{"line":126,"column":5}},"type":"if","locations":[{"start":{"line":124,"column":4},"end":{"line":126,"column":5}},{"start":{},"end":{}}],"line":124},"9":{"loc":{"start":{"line":129,"column":6},"end":{"line":131,"column":7}},"type":"if","locations":[{"start":{"line":129,"column":6},"end":{"line":131,"column":7}},{"start":{},"end":{}}],"line":129},"10":{"loc":{"start":{"line":139,"column":4},"end":{"line":143,"column":5}},"type":"if","locations":[{"start":{"line":139,"column":4},"end":{"line":143,"column":5}},{"start":{},"end":{}}],"line":139},"11":{"loc":{"start":{"line":139,"column":8},"end":{"line":139,"column":23}},"type":"binary-expr","locations":[{"start":{"line":139,"column":8},"end":{"line":139,"column":13}},{"start":{"line":139,"column":17},"end":{"line":139,"column":23}}],"line":139},"12":{"loc":{"start":{"line":153,"column":6},"end":{"line":155,"column":7}},"type":"if","locations":[{"start":{"line":153,"column":6},"end":{"line":155,"column":7}},{"start":{},"end":{}}],"line":153},"13":{"loc":{"start":{"line":158,"column":4},"end":{"line":160,"column":5}},"type":"if","locations":[{"start":{"line":158,"column":4},"end":{"line":160,"column":5}},{"start":{},"end":{}}],"line":158},"14":{"loc":{"start":{"line":180,"column":2},"end":{"line":182,"column":3}},"type":"if","locations":[{"start":{"line":180,"column":2},"end":{"line":182,"column":3}},{"start":{},"end":{}}],"line":180},"15":{"loc":{"start":{"line":185,"column":4},"end":{"line":187,"column":5}},"type":"if","locations":[{"start":{"line":185,"column":4},"end":{"line":187,"column":5}},{"start":{},"end":{}}],"line":185},"16":{"loc":{"start":{"line":193,"column":2},"end":{"line":195,"column":3}},"type":"if","locations":[{"start":{"line":193,"column":2},"end":{"line":195,"column":3}},{"start":{},"end":{}}],"line":193}},"s":{"0":1,"1":1,"2":4,"3":4,"4":4,"5":3,"6":1,"7":0,"8":1,"9":1,"10":0,"11":1,"12":1,"13":0,"14":1,"15":1,"16":0,"17":0,"18":1,"19":1,"20":1,"21":1,"22":0,"23":1,"24":4,"25":4,"26":4,"27":1,"28":3,"29":1,"30":2,"31":2,"32":2,"33":1,"34":2,"35":1,"36":1,"37":0,"38":0,"39":1,"40":5,"41":5,"42":5,"43":1,"44":4,"45":1,"46":3,"47":3,"48":1,"49":2,"50":2,"51":0,"52":2,"53":1,"54":1,"55":1,"56":0,"57":0,"58":1,"59":4,"60":4,"61":4,"62":1,"63":3,"64":1,"65":2,"66":2,"67":1,"68":1,"69":1,"70":0,"71":0},"f":{"0":4,"1":1,"2":4,"3":1,"4":5,"5":4},"b":{"0":[3,1],"1":[4,1],"2":[0,1],"3":[0,1],"4":[0,1],"5":[1,3],"6":[1,2],"7":[1,1],"8":[1,4],"9":[1,3],"10":[1,2],"11":[3,2],"12":[0,2],"13":[1,1],"14":[1,3],"15":[1,2],"16":[1,1]},"meta":{"lastBranch":17,"lastFunction":6,"lastStatement":72,"seen":{"s:13:17:13:19":0,"s:21:21:69:1":1,"f:21:21:21:26":0,"s:22:2:68:3":2,"s:25:33:25:41":3,"b:28:4:33:5:undefined:undefined:undefined:undefined":0,"s:28:4:33:5":4,"b:28:8:28:13:28:17:28:23":1,"s:30:6:32:79":5,"b:37:6:39:7:undefined:undefined:undefined:undefined":2,"s:37:6:39:7":6,"s:38:8:38:90":7,"s:42:23:42:51":8,"b:43:4:45:5:undefined:undefined:undefined:undefined":3,"s:43:4:45:5":9,"s:44:6:44:80":10,"s:48:24:51:5":11,"b:52:4:56:5:undefined:undefined:undefined:undefined":4,"s:52:4:56:5":12,"s:53:6:55:69":13,"s:59:19:62:5":14,"s:64:4:64:41":15,"s:66:4:66:55":16,"s:67:4:67:66":17,"s:72:28:81:1":18,"f:72:28:72:33":1,"s:73:2:80:3":19,"s:74:19:74:76":20,"s:75:4:75:38":21,"s:79:4:79:66":22,"s:84:23:117:1":23,"f:84:23:84:28":2,"s:85:2:116:3":24,"s:87:15:87:36":25,"b:90:4:92:5:undefined:undefined:undefined:undefined":5,"s:90:4:92:5":26,"s:91:6:91:80":27,"b:94:4:98:5:undefined:undefined:undefined:undefined":6,"s:94:4:98:5":28,"s:95:6:97:62":29,"s:101:19:101:81":30,"s:102:20:102:31":31,"s:105:19:105:61":32,"f:105:32:105:33":3,"s:105:44:105:60":33,"b:108:4:110:5:undefined:undefined:undefined:undefined":7,"s:108:4:110:5":34,"s:109:6:109:68":35,"s:112:4:112:33":36,"s:114:4:114:55":37,"s:115:4:115:66":38,"s:120:26:172:1":39,"f:120:26:120:31":4,"s:121:2:171:3":40,"s:122:15:122:36":41,"b:124:4:126:5:undefined:undefined:undefined:undefined":8,"s:124:4:126:5":42,"s:125:6:125:80":43,"b:129:6:131:7:undefined:undefined:undefined:undefined":9,"s:129:6:131:7":44,"s:130:8:130:82":45,"s:135:45:135:53":46,"b:139:4:143:5:undefined:undefined:undefined:undefined":10,"s:139:4:143:5":47,"b:139:8:139:13:139:17:139:23":11,"s:140:6:142:79":48,"s:146:24:149:5":49,"b:153:6:155:7:undefined:undefined:undefined:undefined":12,"s:153:6:155:7":50,"s:154:8:154:90":51,"b:158:4:160:5:undefined:undefined:undefined:undefined":13,"s:158:4:160:5":52,"s:159:6:159:68":53,"s:161:19:164:5":54,"s:167:4:167:41":55,"s:169:4:169:55":56,"s:170:4:170:66":57,"s:175:24:207:1":58,"f:175:24:175:29":5,"s:176:2:206:1":59,"s:178:13:178:34":60,"b:180:2:182:3:undefined:undefined:undefined:undefined":14,"s:180:2:182:3":61,"s:181:4:181:72":62,"b:185:4:187:5:undefined:undefined:undefined:undefined":15,"s:185:4:187:5":63,"s:186:6:186:80":64,"s:191:22:191:83":65,"b:193:2:195:3:undefined:undefined:undefined:undefined":16,"s:193:2:195:3":66,"s:194:4:194:66":67,"s:198:17:198:88":68,"s:201:2:201:39":69,"s:204:4:204:55":70,"s:205:4:205:66":71},"fnNames":{}}}
,"C:\\Users\\dcaro\\Desktop\\Henry\\M2\\1.FSM2L1  Introducción a Node.js y el Backend\\3.VSC\\8.ProyectoM2_DianaCarolinaContreras\\src\\controllers\\posts.controllers.js": {"path":"C:\\Users\\dcaro\\Desktop\\Henry\\M2\\1.FSM2L1  Introducción a Node.js y el Backend\\3.VSC\\8.ProyectoM2_DianaCarolinaContreras\\src\\controllers\\posts.controllers.js","statementMap":{"0":{"start":{"line":13,"column":15},"end":{"line":13,"column":17}},"1":{"start":{"line":19,"column":19},"end":{"line":67,"column":1}},"2":{"start":{"line":20,"column":2},"end":{"line":66,"column":3}},"3":{"start":{"line":22,"column":51},"end":{"line":22,"column":59}},"4":{"start":{"line":25,"column":24},"end":{"line":25,"column":41}},"5":{"start":{"line":26,"column":4},"end":{"line":30,"column":5}},"6":{"start":{"line":27,"column":6},"end":{"line":29,"column":9}},"7":{"start":{"line":31,"column":4},"end":{"line":35,"column":5}},"8":{"start":{"line":32,"column":6},"end":{"line":34,"column":9}},"9":{"start":{"line":38,"column":25},"end":{"line":41,"column":5}},"10":{"start":{"line":42,"column":4},"end":{"line":44,"column":5}},"11":{"start":{"line":43,"column":6},"end":{"line":43,"column":68}},"12":{"start":{"line":48,"column":6},"end":{"line":50,"column":7}},"13":{"start":{"line":49,"column":8},"end":{"line":49,"column":90}},"14":{"start":{"line":52,"column":8},"end":{"line":54,"column":7}},"15":{"start":{"line":53,"column":8},"end":{"line":53,"column":90}},"16":{"start":{"line":57,"column":19},"end":{"line":60,"column":5}},"17":{"start":{"line":62,"column":4},"end":{"line":62,"column":41}},"18":{"start":{"line":64,"column":4},"end":{"line":64,"column":49}},"19":{"start":{"line":65,"column":4},"end":{"line":65,"column":90}},"20":{"start":{"line":71,"column":26},"end":{"line":81,"column":1}},"21":{"start":{"line":72,"column":2},"end":{"line":80,"column":3}},"22":{"start":{"line":73,"column":20},"end":{"line":73,"column":75}},"23":{"start":{"line":74,"column":4},"end":{"line":74,"column":38}},"24":{"start":{"line":78,"column":4},"end":{"line":78,"column":66}},"25":{"start":{"line":84,"column":22},"end":{"line":106,"column":1}},"26":{"start":{"line":85,"column":2},"end":{"line":105,"column":3}},"27":{"start":{"line":86,"column":15},"end":{"line":86,"column":36}},"28":{"start":{"line":88,"column":4},"end":{"line":92,"column":5}},"29":{"start":{"line":89,"column":6},"end":{"line":91,"column":9}},"30":{"start":{"line":94,"column":19},"end":{"line":94,"column":78}},"31":{"start":{"line":96,"column":4},"end":{"line":100,"column":5}},"32":{"start":{"line":97,"column":6},"end":{"line":99,"column":9}},"33":{"start":{"line":102,"column":4},"end":{"line":102,"column":41}},"34":{"start":{"line":104,"column":4},"end":{"line":104,"column":66}},"35":{"start":{"line":109,"column":25},"end":{"line":162,"column":1}},"36":{"start":{"line":110,"column":2},"end":{"line":161,"column":3}},"37":{"start":{"line":111,"column":15},"end":{"line":111,"column":36}},"38":{"start":{"line":113,"column":4},"end":{"line":117,"column":5}},"39":{"start":{"line":114,"column":6},"end":{"line":116,"column":9}},"40":{"start":{"line":119,"column":51},"end":{"line":119,"column":59}},"41":{"start":{"line":121,"column":4},"end":{"line":125,"column":5}},"42":{"start":{"line":122,"column":6},"end":{"line":124,"column":9}},"43":{"start":{"line":128,"column":6},"end":{"line":130,"column":7}},"44":{"start":{"line":129,"column":8},"end":{"line":129,"column":90}},"45":{"start":{"line":132,"column":8},"end":{"line":134,"column":7}},"46":{"start":{"line":133,"column":8},"end":{"line":133,"column":90}},"47":{"start":{"line":137,"column":25},"end":{"line":140,"column":5}},"48":{"start":{"line":141,"column":4},"end":{"line":143,"column":5}},"49":{"start":{"line":142,"column":6},"end":{"line":142,"column":68}},"50":{"start":{"line":147,"column":19},"end":{"line":150,"column":5}},"51":{"start":{"line":152,"column":4},"end":{"line":156,"column":5}},"52":{"start":{"line":153,"column":6},"end":{"line":155,"column":9}},"53":{"start":{"line":158,"column":4},"end":{"line":158,"column":41}},"54":{"start":{"line":160,"column":4},"end":{"line":160,"column":66}},"55":{"start":{"line":165,"column":23},"end":{"line":196,"column":1}},"56":{"start":{"line":166,"column":2},"end":{"line":195,"column":3}},"57":{"start":{"line":167,"column":15},"end":{"line":167,"column":36}},"58":{"start":{"line":169,"column":4},"end":{"line":173,"column":5}},"59":{"start":{"line":170,"column":6},"end":{"line":172,"column":9}},"60":{"start":{"line":176,"column":23},"end":{"line":179,"column":5}},"61":{"start":{"line":180,"column":4},"end":{"line":182,"column":5}},"62":{"start":{"line":181,"column":6},"end":{"line":181,"column":68}},"63":{"start":{"line":184,"column":19},"end":{"line":184,"column":88}},"64":{"start":{"line":186,"column":4},"end":{"line":190,"column":5}},"65":{"start":{"line":187,"column":6},"end":{"line":189,"column":9}},"66":{"start":{"line":192,"column":4},"end":{"line":192,"column":41}},"67":{"start":{"line":194,"column":4},"end":{"line":194,"column":66}},"68":{"start":{"line":200,"column":30},"end":{"line":245,"column":1}},"69":{"start":{"line":201,"column":16},"end":{"line":213,"column":37}},"70":{"start":{"line":215,"column":4},"end":{"line":244,"column":5}},"71":{"start":{"line":217,"column":25},"end":{"line":217,"column":52}},"72":{"start":{"line":219,"column":8},"end":{"line":223,"column":9}},"73":{"start":{"line":220,"column":12},"end":{"line":222,"column":15}},"74":{"start":{"line":226,"column":29},"end":{"line":226,"column":96}},"75":{"start":{"line":228,"column":8},"end":{"line":232,"column":9}},"76":{"start":{"line":229,"column":12},"end":{"line":231,"column":14}},"77":{"start":{"line":235,"column":25},"end":{"line":235,"column":58}},"78":{"start":{"line":238,"column":8},"end":{"line":238,"column":44}},"79":{"start":{"line":240,"column":8},"end":{"line":240,"column":64}},"80":{"start":{"line":241,"column":8},"end":{"line":243,"column":11}}},"fnMap":{"0":{"name":"(anonymous_0)","decl":{"start":{"line":19,"column":19},"end":{"line":19,"column":24}},"loc":{"start":{"line":19,"column":39},"end":{"line":67,"column":1}},"line":19},"1":{"name":"(anonymous_1)","decl":{"start":{"line":71,"column":26},"end":{"line":71,"column":31}},"loc":{"start":{"line":71,"column":46},"end":{"line":81,"column":1}},"line":71},"2":{"name":"(anonymous_2)","decl":{"start":{"line":84,"column":22},"end":{"line":84,"column":27}},"loc":{"start":{"line":84,"column":42},"end":{"line":106,"column":1}},"line":84},"3":{"name":"(anonymous_3)","decl":{"start":{"line":109,"column":25},"end":{"line":109,"column":30}},"loc":{"start":{"line":109,"column":45},"end":{"line":162,"column":1}},"line":109},"4":{"name":"(anonymous_4)","decl":{"start":{"line":165,"column":23},"end":{"line":165,"column":28}},"loc":{"start":{"line":165,"column":43},"end":{"line":196,"column":1}},"line":165},"5":{"name":"(anonymous_5)","decl":{"start":{"line":200,"column":30},"end":{"line":200,"column":35}},"loc":{"start":{"line":200,"column":48},"end":{"line":245,"column":1}},"line":200}},"branchMap":{"0":{"loc":{"start":{"line":26,"column":4},"end":{"line":30,"column":5}},"type":"if","locations":[{"start":{"line":26,"column":4},"end":{"line":30,"column":5}},{"start":{},"end":{}}],"line":26},"1":{"loc":{"start":{"line":26,"column":8},"end":{"line":26,"column":40}},"type":"binary-expr","locations":[{"start":{"line":26,"column":8},"end":{"line":26,"column":18}},{"start":{"line":26,"column":22},"end":{"line":26,"column":28}},{"start":{"line":26,"column":32},"end":{"line":26,"column":40}}],"line":26},"2":{"loc":{"start":{"line":31,"column":4},"end":{"line":35,"column":5}},"type":"if","locations":[{"start":{"line":31,"column":4},"end":{"line":35,"column":5}},{"start":{},"end":{}}],"line":31},"3":{"loc":{"start":{"line":31,"column":8},"end":{"line":31,"column":53}},"type":"binary-expr","locations":[{"start":{"line":31,"column":8},"end":{"line":31,"column":33}},{"start":{"line":31,"column":37},"end":{"line":31,"column":53}}],"line":31},"4":{"loc":{"start":{"line":42,"column":4},"end":{"line":44,"column":5}},"type":"if","locations":[{"start":{"line":42,"column":4},"end":{"line":44,"column":5}},{"start":{},"end":{}}],"line":42},"5":{"loc":{"start":{"line":48,"column":6},"end":{"line":50,"column":7}},"type":"if","locations":[{"start":{"line":48,"column":6},"end":{"line":50,"column":7}},{"start":{},"end":{}}],"line":48},"6":{"loc":{"start":{"line":52,"column":8},"end":{"line":54,"column":7}},"type":"if","locations":[{"start":{"line":52,"column":8},"end":{"line":54,"column":7}},{"start":{},"end":{}}],"line":52},"7":{"loc":{"start":{"line":88,"column":4},"end":{"line":92,"column":5}},"type":"if","locations":[{"start":{"line":88,"column":4},"end":{"line":92,"column":5}},{"start":{},"end":{}}],"line":88},"8":{"loc":{"start":{"line":96,"column":4},"end":{"line":100,"column":5}},"type":"if","locations":[{"start":{"line":96,"column":4},"end":{"line":100,"column":5}},{"start":{},"end":{}}],"line":96},"9":{"loc":{"start":{"line":113,"column":4},"end":{"line":117,"column":5}},"type":"if","locations":[{"start":{"line":113,"column":4},"end":{"line":117,"column":5}},{"start":{},"end":{}}],"line":113},"10":{"loc":{"start":{"line":121,"column":4},"end":{"line":125,"column":5}},"type":"if","locations":[{"start":{"line":121,"column":4},"end":{"line":125,"column":5}},{"start":{},"end":{}}],"line":121},"11":{"loc":{"start":{"line":121,"column":8},"end":{"line":121,"column":40}},"type":"binary-expr","locations":[{"start":{"line":121,"column":8},"end":{"line":121,"column":14}},{"start":{"line":121,"column":18},"end":{"line":121,"column":26}},{"start":{"line":121,"column":30},"end":{"line":121,"column":40}}],"line":121},"12":{"loc":{"start":{"line":128,"column":6},"end":{"line":130,"column":7}},"type":"if","locations":[{"start":{"line":128,"column":6},"end":{"line":130,"column":7}},{"start":{},"end":{}}],"line":128},"13":{"loc":{"start":{"line":132,"column":8},"end":{"line":134,"column":7}},"type":"if","locations":[{"start":{"line":132,"column":8},"end":{"line":134,"column":7}},{"start":{},"end":{}}],"line":132},"14":{"loc":{"start":{"line":141,"column":4},"end":{"line":143,"column":5}},"type":"if","locations":[{"start":{"line":141,"column":4},"end":{"line":143,"column":5}},{"start":{},"end":{}}],"line":141},"15":{"loc":{"start":{"line":152,"column":4},"end":{"line":156,"column":5}},"type":"if","locations":[{"start":{"line":152,"column":4},"end":{"line":156,"column":5}},{"start":{},"end":{}}],"line":152},"16":{"loc":{"start":{"line":169,"column":4},"end":{"line":173,"column":5}},"type":"if","locations":[{"start":{"line":169,"column":4},"end":{"line":173,"column":5}},{"start":{},"end":{}}],"line":169},"17":{"loc":{"start":{"line":180,"column":4},"end":{"line":182,"column":5}},"type":"if","locations":[{"start":{"line":180,"column":4},"end":{"line":182,"column":5}},{"start":{},"end":{}}],"line":180},"18":{"loc":{"start":{"line":186,"column":4},"end":{"line":190,"column":5}},"type":"if","locations":[{"start":{"line":186,"column":4},"end":{"line":190,"column":5}},{"start":{},"end":{}}],"line":186},"19":{"loc":{"start":{"line":219,"column":8},"end":{"line":223,"column":9}},"type":"if","locations":[{"start":{"line":219,"column":8},"end":{"line":223,"column":9}},{"start":{},"end":{}}],"line":219},"20":{"loc":{"start":{"line":228,"column":8},"end":{"line":232,"column":9}},"type":"if","locations":[{"start":{"line":228,"column":8},"end":{"line":232,"column":9}},{"start":{},"end":{}}],"line":228}},"s":{"0":1,"1":1,"2":0,"3":0,"4":0,"5":0,"6":0,"7":0,"8":0,"9":0,"10":0,"11":0,"12":0,"13":0,"14":0,"15":0,"16":0,"17":0,"18":0,"19":0,"20":1,"21":0,"22":0,"23":0,"24":0,"25":1,"26":0,"27":0,"28":0,"29":0,"30":0,"31":0,"32":0,"33":0,"34":0,"35":1,"36":0,"37":0,"38":0,"39":0,"40":0,"41":0,"42":0,"43":0,"44":0,"45":0,"46":0,"47":0,"48":0,"49":0,"50":0,"51":0,"52":0,"53":0,"54":0,"55":1,"56":0,"57":0,"58":0,"59":0,"60":0,"61":0,"62":0,"63":0,"64":0,"65":0,"66":0,"67":0,"68":1,"69":0,"70":0,"71":0,"72":0,"73":0,"74":0,"75":0,"76":0,"77":0,"78":0,"79":0,"80":0},"f":{"0":0,"1":0,"2":0,"3":0,"4":0,"5":0},"b":{"0":[0,0],"1":[0,0,0],"2":[0,0],"3":[0,0],"4":[0,0],"5":[0,0],"6":[0,0],"7":[0,0],"8":[0,0],"9":[0,0],"10":[0,0],"11":[0,0,0],"12":[0,0],"13":[0,0],"14":[0,0],"15":[0,0],"16":[0,0],"17":[0,0],"18":[0,0],"19":[0,0],"20":[0,0]},"meta":{"lastBranch":21,"lastFunction":6,"lastStatement":81,"seen":{"s:13:15:13:17":0,"s:19:19:67:1":1,"f:19:19:19:24":0,"s:20:2:66:3":2,"s:22:51:22:59":3,"s:25:24:25:41":4,"b:26:4:30:5:undefined:undefined:undefined:undefined":0,"s:26:4:30:5":5,"b:26:8:26:18:26:22:26:28:26:32:26:40":1,"s:27:6:29:9":6,"b:31:4:35:5:undefined:undefined:undefined:undefined":2,"s:31:4:35:5":7,"b:31:8:31:33:31:37:31:53":3,"s:32:6:34:9":8,"s:38:25:41:5":9,"b:42:4:44:5:undefined:undefined:undefined:undefined":4,"s:42:4:44:5":10,"s:43:6:43:68":11,"b:48:6:50:7:undefined:undefined:undefined:undefined":5,"s:48:6:50:7":12,"s:49:8:49:90":13,"b:52:8:54:7:undefined:undefined:undefined:undefined":6,"s:52:8:54:7":14,"s:53:8:53:90":15,"s:57:19:60:5":16,"s:62:4:62:41":17,"s:64:4:64:49":18,"s:65:4:65:90":19,"s:71:26:81:1":20,"f:71:26:71:31":1,"s:72:2:80:3":21,"s:73:20:73:75":22,"s:74:4:74:38":23,"s:78:4:78:66":24,"s:84:22:106:1":25,"f:84:22:84:27":2,"s:85:2:105:3":26,"s:86:15:86:36":27,"b:88:4:92:5:undefined:undefined:undefined:undefined":7,"s:88:4:92:5":28,"s:89:6:91:9":29,"s:94:19:94:78":30,"b:96:4:100:5:undefined:undefined:undefined:undefined":8,"s:96:4:100:5":31,"s:97:6:99:9":32,"s:102:4:102:41":33,"s:104:4:104:66":34,"s:109:25:162:1":35,"f:109:25:109:30":3,"s:110:2:161:3":36,"s:111:15:111:36":37,"b:113:4:117:5:undefined:undefined:undefined:undefined":9,"s:113:4:117:5":38,"s:114:6:116:9":39,"s:119:51:119:59":40,"b:121:4:125:5:undefined:undefined:undefined:undefined":10,"s:121:4:125:5":41,"b:121:8:121:14:121:18:121:26:121:30:121:40":11,"s:122:6:124:9":42,"b:128:6:130:7:undefined:undefined:undefined:undefined":12,"s:128:6:130:7":43,"s:129:8:129:90":44,"b:132:8:134:7:undefined:undefined:undefined:undefined":13,"s:132:8:134:7":45,"s:133:8:133:90":46,"s:137:25:140:5":47,"b:141:4:143:5:undefined:undefined:undefined:undefined":14,"s:141:4:143:5":48,"s:142:6:142:68":49,"s:147:19:150:5":50,"b:152:4:156:5:undefined:undefined:undefined:undefined":15,"s:152:4:156:5":51,"s:153:6:155:9":52,"s:158:4:158:41":53,"s:160:4:160:66":54,"s:165:23:196:1":55,"f:165:23:165:28":4,"s:166:2:195:3":56,"s:167:15:167:36":57,"b:169:4:173:5:undefined:undefined:undefined:undefined":16,"s:169:4:173:5":58,"s:170:6:172:9":59,"s:176:23:179:5":60,"b:180:4:182:5:undefined:undefined:undefined:undefined":17,"s:180:4:182:5":61,"s:181:6:181:68":62,"s:184:19:184:88":63,"b:186:4:190:5:undefined:undefined:undefined:undefined":18,"s:186:4:190:5":64,"s:187:6:189:9":65,"s:192:4:192:41":66,"s:194:4:194:66":67,"s:200:30:245:1":68,"f:200:30:200:35":5,"s:201:16:213:37":69,"s:215:4:244:5":70,"s:217:25:217:52":71,"b:219:8:223:9:undefined:undefined:undefined:undefined":19,"s:219:8:223:9":72,"s:220:12:222:15":73,"s:226:29:226:96":74,"b:228:8:232:9:undefined:undefined:undefined:undefined":20,"s:228:8:232:9":75,"s:229:12:231:14":76,"s:235:25:235:58":77,"s:238:8:238:44":78,"s:240:8:240:64":79,"s:241:8:243:11":80},"fnNames":{}}}
,"C:\\Users\\dcaro\\Desktop\\Henry\\M2\\1.FSM2L1  Introducción a Node.js y el Backend\\3.VSC\\8.ProyectoM2_DianaCarolinaContreras\\src\\routers\\author.routes.js": {"path":"C:\\Users\\dcaro\\Desktop\\Henry\\M2\\1.FSM2L1  Introducción a Node.js y el Backend\\3.VSC\\8.ProyectoM2_DianaCarolinaContreras\\src\\routers\\author.routes.js","statementMap":{"0":{"start":{"line":3,"column":15},"end":{"line":3,"column":31}},"1":{"start":{"line":19,"column":0},"end":{"line":19,"column":38}},"2":{"start":{"line":22,"column":0},"end":{"line":22,"column":44}},"3":{"start":{"line":25,"column":0},"end":{"line":25,"column":43}},"4":{"start":{"line":28,"column":0},"end":{"line":28,"column":46}},"5":{"start":{"line":31,"column":0},"end":{"line":31,"column":47}}},"fnMap":{},"branchMap":{},"s":{"0":1,"1":1,"2":1,"3":1,"4":1,"5":1},"f":{},"b":{},"meta":{"lastBranch":0,"lastFunction":0,"lastStatement":6,"seen":{"s:3:15:3:31":0,"s:19:0:19:38":1,"s:22:0:22:44":2,"s:25:0:25:43":3,"s:28:0:28:46":4,"s:31:0:31:47":5},"fnNames":{}}}
,"C:\\Users\\dcaro\\Desktop\\Henry\\M2\\1.FSM2L1  Introducción a Node.js y el Backend\\3.VSC\\8.ProyectoM2_DianaCarolinaContreras\\src\\routers\\posts.routes.js": {"path":"C:\\Users\\dcaro\\Desktop\\Henry\\M2\\1.FSM2L1  Introducción a Node.js y el Backend\\3.VSC\\8.ProyectoM2_DianaCarolinaContreras\\src\\routers\\posts.routes.js","statementMap":{"0":{"start":{"line":3,"column":15},"end":{"line":3,"column":31}},"1":{"start":{"line":19,"column":0},"end":{"line":19,"column":34}},"2":{"start":{"line":22,"column":0},"end":{"line":22,"column":40}},"3":{"start":{"line":25,"column":0},"end":{"line":25,"column":40}},"4":{"start":{"line":28,"column":0},"end":{"line":28,"column":43}},"5":{"start":{"line":31,"column":0},"end":{"line":31,"column":44}},"6":{"start":{"line":34,"column":0},"end":{"line":34,"column":61}}},"fnMap":{},"branchMap":{},"s":{"0":1,"1":1,"2":1,"3":1,"4":1,"5":1,"6":1},"f":{},"b":{},"meta":{"lastBranch":0,"lastFunction":0,"lastStatement":7,"seen":{"s:3:15:3:31":0,"s:19:0:19:34":1,"s:22:0:22:40":2,"s:25:0:25:40":3,"s:28:0:28:43":4,"s:31:0:31:44":5,"s:34:0:34:61":6},"fnNames":{}}}
,"C:\\Users\\dcaro\\Desktop\\Henry\\M2\\1.FSM2L1  Introducción a Node.js y el Backend\\3.VSC\\8.ProyectoM2_DianaCarolinaContreras\\src\\test\\validators.js": {"path":"C:\\Users\\dcaro\\Desktop\\Henry\\M2\\1.FSM2L1  Introducción a Node.js y el Backend\\3.VSC\\8.ProyectoM2_DianaCarolinaContreras\\src\\test\\validators.js","statementMap":{"0":{"start":{"line":6,"column":4},"end":{"line":8,"column":5}},"1":{"start":{"line":7,"column":4},"end":{"line":7,"column":35}},"2":{"start":{"line":10,"column":23},"end":{"line":10,"column":51}},"3":{"start":{"line":11,"column":4},"end":{"line":13,"column":5}},"4":{"start":{"line":12,"column":4},"end":{"line":12,"column":46}},"5":{"start":{"line":14,"column":4},"end":{"line":14,"column":16}},"6":{"start":{"line":19,"column":4},"end":{"line":21,"column":5}},"7":{"start":{"line":20,"column":8},"end":{"line":20,"column":20}},"8":{"start":{"line":22,"column":4},"end":{"line":22,"column":17}},"9":{"start":{"line":29,"column":24},"end":{"line":29,"column":81}},"10":{"start":{"line":32,"column":4},"end":{"line":34,"column":5}},"11":{"start":{"line":33,"column":8},"end":{"line":33,"column":20}}},"fnMap":{"0":{"name":"validarEmail","decl":{"start":{"line":5,"column":9},"end":{"line":5,"column":21}},"loc":{"start":{"line":5,"column":29},"end":{"line":15,"column":1}},"line":5},"1":{"name":"esNum","decl":{"start":{"line":18,"column":9},"end":{"line":18,"column":14}},"loc":{"start":{"line":18,"column":24},"end":{"line":24,"column":1}},"line":18},"2":{"name":"patronesSQL","decl":{"start":{"line":28,"column":9},"end":{"line":28,"column":20}},"loc":{"start":{"line":28,"column":27},"end":{"line":35,"column":1}},"line":28}},"branchMap":{"0":{"loc":{"start":{"line":6,"column":4},"end":{"line":8,"column":5}},"type":"if","locations":[{"start":{"line":6,"column":4},"end":{"line":8,"column":5}},{"start":{},"end":{}}],"line":6},"1":{"loc":{"start":{"line":11,"column":4},"end":{"line":13,"column":5}},"type":"if","locations":[{"start":{"line":11,"column":4},"end":{"line":13,"column":5}},{"start":{},"end":{}}],"line":11},"2":{"loc":{"start":{"line":19,"column":4},"end":{"line":21,"column":5}},"type":"if","locations":[{"start":{"line":19,"column":4},"end":{"line":21,"column":5}},{"start":{},"end":{}}],"line":19},"3":{"loc":{"start":{"line":32,"column":4},"end":{"line":34,"column":5}},"type":"if","locations":[{"start":{"line":32,"column":4},"end":{"line":34,"column":5}},{"start":{},"end":{}}],"line":32}},"s":{"0":0,"1":0,"2":0,"3":0,"4":0,"5":0,"6":1,"7":0,"8":1,"9":3,"10":3,"11":0},"f":{"0":0,"1":1,"2":3},"b":{"0":[0,0],"1":[0,0],"2":[0,1],"3":[0,3]},"meta":{"lastBranch":4,"lastFunction":3,"lastStatement":12,"seen":{"f:5:9:5:21":0,"b:6:4:8:5:undefined:undefined:undefined:undefined":0,"s:6:4:8:5":0,"s:7:4:7:35":1,"s:10:23:10:51":2,"b:11:4:13:5:undefined:undefined:undefined:undefined":1,"s:11:4:13:5":3,"s:12:4:12:46":4,"s:14:4:14:16":5,"f:18:9:18:14":1,"b:19:4:21:5:undefined:undefined:undefined:undefined":2,"s:19:4:21:5":6,"s:20:8:20:20":7,"s:22:4:22:17":8,"f:28:9:28:20":2,"s:29:24:29:81":9,"b:32:4:34:5:undefined:undefined:undefined:undefined":3,"s:32:4:34:5":10,"s:33:8:33:20":11},"fnNames":{}}}
}
